[MASTER] 22:11:14.067 [main] ERROR ExternalProcessHandler - Class edu.osu.cs362.CalDay. Lost connection with clients.
ClientNode: SEARCH
The JVM of the client process crashed:
#
# A fatal error has been detected by the Java Runtime Environment:
#
#  EXCEPTION_ACCESS_VIOLATION (0xc0000005) at pc=0x000000005d6a3752, pid=1508, tid=0x00000000000026a0
#
# JRE version: Java(TM) SE Runtime Environment (8.0_121-b13) (build 1.8.0_121-b13)
# Java VM: Java HotSpot(TM) 64-Bit Server VM (25.121-b13 mixed mode windows-amd64 compressed oops)
# Problematic frame:
# V  [jvm.dll+0x43752]
#
# Failed to write core dump. Minidumps are not enabled by default on client versions of Windows
#
# If you would like to submit a bug report, please visit:
#   http://bugreport.java.com/bugreport/crash.jsp
#

[MASTER] 22:11:14.169 [main] ERROR SearchStatistics - No obtained value for output variable: LineCoverage
[MASTER] 22:11:15.172 [main] ERROR SearchStatistics - Not going to write down statistics data, as some are missing
[MASTER] 22:11:15.272 [main] ERROR TestGeneration - failed to write statistics data
